[DEBUG] 2021-04-04 17:22:17 Launching
[INFO] 2021-04-04 17:22:17 Running interactive mode
[DEBUG] 2021-04-04 17:22:25 Launching
[DEBUG] 2021-04-04 17:22:31 Launching
[DEBUG] 2021-04-04 17:23:24 Launching
[INFO] 2021-04-04 17:23:24 Running batch mode
[DEBUG] 2021-04-04 17:23:24 Interpreted file as superconf.conf
[DEBUG] 2021-04-04 17:23:24 Read 's:100
'
[DEBUG] 2021-04-04 17:23:24 Read 'a:1:1
'
[DEBUG] 2021-04-04 17:23:24 Read 'a:1:2'
[DEBUG] 2021-04-04 17:23:46 Launching
[INFO] 2021-04-04 17:23:46 Running cli mode
[DEBUG] 2021-04-04 17:23:46 Read 's:1000'
[DEBUG] 2021-04-04 17:23:46 Read 'a:15:1'
[DEBUG] 2021-04-04 18:31:26 Launching
[DEBUG] 2021-04-04 18:37:52 Launching
[INFO] 2021-04-04 18:37:52 Running cli mode
[DEBUG] 2021-04-04 18:37:52 Read 's:100'
[DEBUG] 2021-04-04 18:38:01 Launching
[INFO] 2021-04-04 18:38:01 Running cli mode
[DEBUG] 2021-04-04 18:38:01 Read 'a:15:1'
[ERROR] 2021-04-04 18:38:01 Memory not initialized
[DEBUG] 2021-04-04 18:39:07 Launching
[INFO] 2021-04-04 18:39:07 Running cli mode
[DEBUG] 2021-04-04 18:39:07 Read 'a:15:1'
[ERROR] 2021-04-04 18:39:07 Memory not initialized
[DEBUG] 2021-04-04 18:40:26 Launching
[INFO] 2021-04-04 18:40:26 Running cli mode
[DEBUG] 2021-04-04 18:40:26 Read 'a:15:1'
[ERROR] 2021-04-04 18:40:26 Memory not initialized
